<?xml version="1.0" encoding="UTF-8"?>
<coverage generated="1689824956244" clover="3.2.0">
  <project timestamp="1689824956244" name="All files">
    <metrics statements="94" coveredstatements="82" conditionals="10" coveredconditionals="7" methods="27" coveredmethods="23" elements="131" coveredelements="112" complexity="0" loc="94" ncloc="94" packages="1" files="1" classes="1"/>
    <file name="storage.js" path="C:\Users\JOEL\Desktop\todo list test\todo-list-test\src\modules\storage.js">
      <metrics statements="94" coveredstatements="82" conditionals="10" coveredconditionals="7" methods="27" coveredmethods="23"/>
      <line num="3" count="4" type="stmt"/>
      <line num="6" count="1" type="stmt"/>
      <line num="7" count="5" type="stmt"/>
      <line num="8" count="5" type="stmt"/>
      <line num="9" count="5" type="stmt"/>
      <line num="12" count="1" type="stmt"/>
      <line num="13" count="43" type="stmt"/>
      <line num="14" count="43" type="stmt"/>
      <line num="15" count="43" type="cond" truecount="2" falsecount="0"/>
      <line num="16" count="1" type="stmt"/>
      <line num="18" count="43" type="stmt"/>
      <line num="19" count="43" type="stmt"/>
      <line num="22" count="1" type="stmt"/>
      <line num="23" count="5" type="stmt"/>
      <line num="24" count="5" type="stmt"/>
      <line num="25" count="5" type="cond" truecount="1" falsecount="1"/>
      <line num="26" count="0" type="stmt"/>
      <line num="28" count="5" type="stmt"/>
      <line num="29" count="5" type="stmt"/>
      <line num="32" count="4" type="stmt"/>
      <line num="33" count="5" type="stmt"/>
      <line num="34" count="5" type="stmt"/>
      <line num="35" count="5" type="stmt"/>
      <line num="41" count="5" type="cond" truecount="1" falsecount="1"/>
      <line num="42" count="0" type="stmt"/>
      <line num="43" count="0" type="stmt"/>
      <line num="45" count="5" type="stmt"/>
      <line num="46" count="5" type="stmt"/>
      <line num="47" count="5" type="stmt"/>
      <line num="48" count="5" type="stmt"/>
      <line num="49" count="5" type="stmt"/>
      <line num="50" count="5" type="stmt"/>
      <line num="53" count="1" type="stmt"/>
      <line num="54" count="15" type="stmt"/>
      <line num="55" count="15" type="stmt"/>
      <line num="56" count="68" type="stmt"/>
      <line num="57" count="33" type="stmt"/>
      <line num="59" count="15" type="stmt"/>
      <line num="63" count="7" type="stmt"/>
      <line num="64" count="7" type="stmt"/>
      <line num="65" count="7" type="stmt"/>
      <line num="66" count="7" type="stmt"/>
      <line num="67" count="14" type="stmt"/>
      <line num="77" count="7" type="stmt"/>
      <line num="78" count="7" type="stmt"/>
      <line num="79" count="7" type="stmt"/>
      <line num="80" count="7" type="stmt"/>
      <line num="83" count="1" type="stmt"/>
      <line num="84" count="1" type="stmt"/>
      <line num="85" count="1" type="stmt"/>
      <line num="86" count="1" type="stmt"/>
      <line num="87" count="1" type="stmt"/>
      <line num="88" count="1" type="stmt"/>
      <line num="89" count="1" type="stmt"/>
      <line num="92" count="1" type="stmt"/>
      <line num="93" count="1" type="stmt"/>
      <line num="94" count="1" type="stmt"/>
      <line num="95" count="10" type="stmt"/>
      <line num="96" count="4" type="cond" truecount="2" falsecount="0"/>
      <line num="97" count="1" type="stmt"/>
      <line num="99" count="4" type="stmt"/>
      <line num="101" count="1" type="stmt"/>
      <line num="104" count="1" type="stmt"/>
      <line num="105" count="1" type="stmt"/>
      <line num="106" count="1" type="stmt"/>
      <line num="107" count="1" type="stmt"/>
      <line num="108" count="1" type="stmt"/>
      <line num="111" count="1" type="stmt"/>
      <line num="112" count="1" type="stmt"/>
      <line num="113" count="4" type="stmt"/>
      <line num="114" count="1" type="stmt"/>
      <line num="115" count="1" type="stmt"/>
      <line num="118" count="1" type="stmt"/>
      <line num="119" count="7" type="stmt"/>
      <line num="120" count="7" type="stmt"/>
      <line num="121" count="14" type="cond" truecount="1" falsecount="1"/>
      <line num="122" count="0" type="stmt"/>
      <line num="123" count="0" type="stmt"/>
      <line num="128" count="1" type="stmt"/>
      <line num="129" count="0" type="stmt"/>
      <line num="132" count="1" type="stmt"/>
      <line num="133" count="8" type="stmt"/>
      <line num="134" count="15" type="stmt"/>
      <line num="135" count="0" type="stmt"/>
      <line num="136" count="0" type="stmt"/>
      <line num="139" count="8" type="stmt"/>
      <line num="140" count="15" type="stmt"/>
      <line num="141" count="0" type="stmt"/>
      <line num="142" count="0" type="stmt"/>
      <line num="145" count="8" type="stmt"/>
      <line num="146" count="15" type="stmt"/>
      <line num="147" count="0" type="stmt"/>
      <line num="148" count="0" type="stmt"/>
      <line num="153" count="1" type="stmt"/>
    </file>
  </project>
</coverage>
