{"C:\\Users\\JOEL\\Desktop\\todo list test\\todo-list-test\\src\\modules\\storage.js": {"path":"C:\\Users\\JOEL\\Desktop\\todo list test\\todo-list-test\\src\\modules\\storage.js","statementMap":{"0":{"start":{"line":3,"column":4},"end":{"line":3,"column":35}},"1":{"start":{"line":6,"column":22},"end":{"line":10,"column":3}},"2":{"start":{"line":7,"column":23},"end":{"line":7,"column":58}},"3":{"start":{"line":8,"column":4},"end":{"line":8,"column":26}},"4":{"start":{"line":9,"column":4},"end":{"line":9,"column":16}},"5":{"start":{"line":12,"column":19},"end":{"line":20,"column":3}},"6":{"start":{"line":13,"column":19},"end":{"line":13,"column":21}},"7":{"start":{"line":14,"column":17},"end":{"line":14,"column":45}},"8":{"start":{"line":15,"column":4},"end":{"line":17,"column":5}},"9":{"start":{"line":16,"column":6},"end":{"line":16,"column":61}},"10":{"start":{"line":18,"column":4},"end":{"line":18,"column":56}},"11":{"start":{"line":19,"column":4},"end":{"line":19,"column":20}},"12":{"start":{"line":22,"column":20},"end":{"line":30,"column":3}},"13":{"start":{"line":23,"column":21},"end":{"line":23,"column":35}},"14":{"start":{"line":24,"column":16},"end":{"line":24,"column":17}},"15":{"start":{"line":25,"column":4},"end":{"line":27,"column":5}},"16":{"start":{"line":26,"column":6},"end":{"line":26,"column":23}},"17":{"start":{"line":28,"column":4},"end":{"line":28,"column":32}},"18":{"start":{"line":29,"column":4},"end":{"line":29,"column":17}},"19":{"start":{"line":32,"column":12},"end":{"line":51,"column":3}},"20":{"start":{"line":33,"column":17},"end":{"line":33,"column":31}},"21":{"start":{"line":34,"column":18},"end":{"line":34,"column":33}},"22":{"start":{"line":35,"column":17},"end":{"line":39,"column":5}},"23":{"start":{"line":41,"column":4},"end":{"line":44,"column":5}},"24":{"start":{"line":42,"column":6},"end":{"line":42,"column":22}},"25":{"start":{"line":43,"column":6},"end":{"line":43,"column":57}},"26":{"start":{"line":45,"column":22},"end":{"line":45,"column":62}},"27":{"start":{"line":46,"column":4},"end":{"line":46,"column":34}},"28":{"start":{"line":47,"column":4},"end":{"line":47,"column":62}},"29":{"start":{"line":48,"column":4},"end":{"line":48,"column":22}},"30":{"start":{"line":49,"column":4},"end":{"line":49,"column":19}},"31":{"start":{"line":50,"column":4},"end":{"line":50,"column":23}},"32":{"start":{"line":53,"column":23},"end":{"line":60,"column":3}},"33":{"start":{"line":54,"column":21},"end":{"line":54,"column":35}},"34":{"start":{"line":55,"column":4},"end":{"line":58,"column":7}},"35":{"start":{"line":56,"column":19},"end":{"line":56,"column":60}},"36":{"start":{"line":56,"column":47},"end":{"line":56,"column":59}},"37":{"start":{"line":57,"column":6},"end":{"line":57,"column":28}},"38":{"start":{"line":59,"column":4},"end":{"line":59,"column":59}},"39":{"start":{"line":63,"column":21},"end":{"line":63,"column":35}},"40":{"start":{"line":64,"column":17},"end":{"line":64,"column":48}},"41":{"start":{"line":65,"column":14},"end":{"line":65,"column":16}},"42":{"start":{"line":66,"column":4},"end":{"line":76,"column":7}},"43":{"start":{"line":67,"column":6},"end":{"line":75,"column":17}},"44":{"start":{"line":77,"column":4},"end":{"line":77,"column":25}},"45":{"start":{"line":78,"column":4},"end":{"line":78,"column":40}},"46":{"start":{"line":79,"column":4},"end":{"line":79,"column":23}},"47":{"start":{"line":80,"column":4},"end":{"line":80,"column":23}},"48":{"start":{"line":83,"column":22},"end":{"line":90,"column":3}},"49":{"start":{"line":84,"column":21},"end":{"line":84,"column":35}},"50":{"start":{"line":85,"column":4},"end":{"line":85,"column":30}},"51":{"start":{"line":86,"column":4},"end":{"line":86,"column":59}},"52":{"start":{"line":87,"column":4},"end":{"line":87,"column":40}},"53":{"start":{"line":88,"column":4},"end":{"line":88,"column":19}},"54":{"start":{"line":89,"column":4},"end":{"line":89,"column":23}},"55":{"start":{"line":92,"column":22},"end":{"line":102,"column":3}},"56":{"start":{"line":93,"column":21},"end":{"line":93,"column":35}},"57":{"start":{"line":94,"column":4},"end":{"line":100,"column":7}},"58":{"start":{"line":95,"column":19},"end":{"line":95,"column":60}},"59":{"start":{"line":95,"column":47},"end":{"line":95,"column":59}},"60":{"start":{"line":96,"column":6},"end":{"line":98,"column":7}},"61":{"start":{"line":97,"column":8},"end":{"line":97,"column":33}},"62":{"start":{"line":99,"column":6},"end":{"line":99,"column":61}},"63":{"start":{"line":101,"column":4},"end":{"line":101,"column":23}},"64":{"start":{"line":104,"column":21},"end":{"line":109,"column":3}},"65":{"start":{"line":105,"column":21},"end":{"line":105,"column":35}},"66":{"start":{"line":106,"column":4},"end":{"line":106,"column":42}},"67":{"start":{"line":107,"column":4},"end":{"line":107,"column":59}},"68":{"start":{"line":108,"column":4},"end":{"line":108,"column":23}},"69":{"start":{"line":111,"column":26},"end":{"line":116,"column":3}},"70":{"start":{"line":112,"column":21},"end":{"line":112,"column":35}},"71":{"start":{"line":113,"column":24},"end":{"line":113,"column":75}},"72":{"start":{"line":113,"column":50},"end":{"line":113,"column":74}},"73":{"start":{"line":114,"column":4},"end":{"line":114,"column":62}},"74":{"start":{"line":115,"column":4},"end":{"line":115,"column":19}},"75":{"start":{"line":118,"column":23},"end":{"line":126,"column":3}},"76":{"start":{"line":119,"column":21},"end":{"line":119,"column":35}},"77":{"start":{"line":120,"column":4},"end":{"line":125,"column":7}},"78":{"start":{"line":121,"column":6},"end":{"line":124,"column":7}},"79":{"start":{"line":122,"column":8},"end":{"line":122,"column":67}},"80":{"start":{"line":123,"column":8},"end":{"line":123,"column":104}},"81":{"start":{"line":128,"column":17},"end":{"line":130,"column":3}},"82":{"start":{"line":129,"column":4},"end":{"line":129,"column":29}},"83":{"start":{"line":132,"column":40},"end":{"line":151,"column":3}},"84":{"start":{"line":133,"column":4},"end":{"line":138,"column":7}},"85":{"start":{"line":134,"column":6},"end":{"line":137,"column":9}},"86":{"start":{"line":135,"column":8},"end":{"line":135,"column":65}},"87":{"start":{"line":136,"column":8},"end":{"line":136,"column":50}},"88":{"start":{"line":139,"column":4},"end":{"line":144,"column":7}},"89":{"start":{"line":140,"column":6},"end":{"line":143,"column":9}},"90":{"start":{"line":141,"column":8},"end":{"line":141,"column":27}},"91":{"start":{"line":142,"column":8},"end":{"line":142,"column":47}},"92":{"start":{"line":145,"column":4},"end":{"line":150,"column":7}},"93":{"start":{"line":146,"column":6},"end":{"line":149,"column":9}},"94":{"start":{"line":147,"column":8},"end":{"line":147,"column":27}},"95":{"start":{"line":148,"column":8},"end":{"line":148,"column":31}},"96":{"start":{"line":153,"column":0},"end":{"line":153,"column":22}}},"fnMap":{"0":{"name":"(anonymous_0)","decl":{"start":{"line":2,"column":2},"end":{"line":2,"column":3}},"loc":{"start":{"line":2,"column":27},"end":{"line":4,"column":3}},"line":2},"1":{"name":"(anonymous_1)","decl":{"start":{"line":6,"column":22},"end":{"line":6,"column":23}},"loc":{"start":{"line":6,"column":28},"end":{"line":10,"column":3}},"line":6},"2":{"name":"(anonymous_2)","decl":{"start":{"line":12,"column":19},"end":{"line":12,"column":20}},"loc":{"start":{"line":12,"column":25},"end":{"line":20,"column":3}},"line":12},"3":{"name":"(anonymous_3)","decl":{"start":{"line":22,"column":20},"end":{"line":22,"column":21}},"loc":{"start":{"line":22,"column":26},"end":{"line":30,"column":3}},"line":22},"4":{"name":"(anonymous_4)","decl":{"start":{"line":32,"column":12},"end":{"line":32,"column":13}},"loc":{"start":{"line":32,"column":18},"end":{"line":51,"column":3}},"line":32},"5":{"name":"(anonymous_5)","decl":{"start":{"line":53,"column":23},"end":{"line":53,"column":24}},"loc":{"start":{"line":53,"column":29},"end":{"line":60,"column":3}},"line":53},"6":{"name":"(anonymous_6)","decl":{"start":{"line":55,"column":21},"end":{"line":55,"column":22}},"loc":{"start":{"line":55,"column":31},"end":{"line":58,"column":5}},"line":55},"7":{"name":"(anonymous_7)","decl":{"start":{"line":56,"column":38},"end":{"line":56,"column":39}},"loc":{"start":{"line":56,"column":47},"end":{"line":56,"column":59}},"line":56},"8":{"name":"(anonymous_8)","decl":{"start":{"line":62,"column":2},"end":{"line":62,"column":3}},"loc":{"start":{"line":62,"column":19},"end":{"line":81,"column":3}},"line":62},"9":{"name":"(anonymous_9)","decl":{"start":{"line":66,"column":21},"end":{"line":66,"column":22}},"loc":{"start":{"line":66,"column":31},"end":{"line":76,"column":5}},"line":66},"10":{"name":"(anonymous_10)","decl":{"start":{"line":83,"column":22},"end":{"line":83,"column":23}},"loc":{"start":{"line":83,"column":33},"end":{"line":90,"column":3}},"line":83},"11":{"name":"(anonymous_11)","decl":{"start":{"line":92,"column":22},"end":{"line":92,"column":23}},"loc":{"start":{"line":92,"column":40},"end":{"line":102,"column":3}},"line":92},"12":{"name":"(anonymous_12)","decl":{"start":{"line":94,"column":21},"end":{"line":94,"column":22}},"loc":{"start":{"line":94,"column":31},"end":{"line":100,"column":5}},"line":94},"13":{"name":"(anonymous_13)","decl":{"start":{"line":95,"column":38},"end":{"line":95,"column":39}},"loc":{"start":{"line":95,"column":47},"end":{"line":95,"column":59}},"line":95},"14":{"name":"(anonymous_14)","decl":{"start":{"line":104,"column":21},"end":{"line":104,"column":22}},"loc":{"start":{"line":104,"column":39},"end":{"line":109,"column":3}},"line":104},"15":{"name":"(anonymous_15)","decl":{"start":{"line":111,"column":26},"end":{"line":111,"column":27}},"loc":{"start":{"line":111,"column":32},"end":{"line":116,"column":3}},"line":111},"16":{"name":"(anonymous_16)","decl":{"start":{"line":113,"column":40},"end":{"line":113,"column":41}},"loc":{"start":{"line":113,"column":50},"end":{"line":113,"column":74}},"line":113},"17":{"name":"(anonymous_17)","decl":{"start":{"line":118,"column":23},"end":{"line":118,"column":24}},"loc":{"start":{"line":118,"column":29},"end":{"line":126,"column":3}},"line":118},"18":{"name":"(anonymous_18)","decl":{"start":{"line":120,"column":21},"end":{"line":120,"column":22}},"loc":{"start":{"line":120,"column":31},"end":{"line":125,"column":5}},"line":120},"19":{"name":"(anonymous_19)","decl":{"start":{"line":128,"column":17},"end":{"line":128,"column":18}},"loc":{"start":{"line":128,"column":23},"end":{"line":130,"column":3}},"line":128},"20":{"name":"(anonymous_20)","decl":{"start":{"line":132,"column":40},"end":{"line":132,"column":41}},"loc":{"start":{"line":132,"column":46},"end":{"line":151,"column":3}},"line":132},"21":{"name":"(anonymous_21)","decl":{"start":{"line":133,"column":51},"end":{"line":133,"column":52}},"loc":{"start":{"line":133,"column":61},"end":{"line":138,"column":5}},"line":133},"22":{"name":"(anonymous_22)","decl":{"start":{"line":134,"column":37},"end":{"line":134,"column":38}},"loc":{"start":{"line":134,"column":44},"end":{"line":137,"column":7}},"line":134},"23":{"name":"(anonymous_23)","decl":{"start":{"line":139,"column":51},"end":{"line":139,"column":52}},"loc":{"start":{"line":139,"column":68},"end":{"line":144,"column":5}},"line":139},"24":{"name":"(anonymous_24)","decl":{"start":{"line":140,"column":37},"end":{"line":140,"column":38}},"loc":{"start":{"line":140,"column":44},"end":{"line":143,"column":7}},"line":140},"25":{"name":"(anonymous_25)","decl":{"start":{"line":145,"column":49},"end":{"line":145,"column":50}},"loc":{"start":{"line":145,"column":66},"end":{"line":150,"column":5}},"line":145},"26":{"name":"(anonymous_26)","decl":{"start":{"line":146,"column":37},"end":{"line":146,"column":38}},"loc":{"start":{"line":146,"column":44},"end":{"line":149,"column":7}},"line":146}},"branchMap":{"0":{"loc":{"start":{"line":15,"column":4},"end":{"line":17,"column":5}},"type":"if","locations":[{"start":{"line":15,"column":4},"end":{"line":17,"column":5}},{"start":{},"end":{}}],"line":15},"1":{"loc":{"start":{"line":25,"column":4},"end":{"line":27,"column":5}},"type":"if","locations":[{"start":{"line":25,"column":4},"end":{"line":27,"column":5}},{"start":{},"end":{}}],"line":25},"2":{"loc":{"start":{"line":41,"column":4},"end":{"line":44,"column":5}},"type":"if","locations":[{"start":{"line":41,"column":4},"end":{"line":44,"column":5}},{"start":{},"end":{}}],"line":41},"3":{"loc":{"start":{"line":96,"column":6},"end":{"line":98,"column":7}},"type":"if","locations":[{"start":{"line":96,"column":6},"end":{"line":98,"column":7}},{"start":{},"end":{}}],"line":96},"4":{"loc":{"start":{"line":121,"column":6},"end":{"line":124,"column":7}},"type":"if","locations":[{"start":{"line":121,"column":6},"end":{"line":124,"column":7}},{"start":{},"end":{}}],"line":121}},"s":{"0":4,"1":1,"2":5,"3":5,"4":5,"5":1,"6":43,"7":43,"8":43,"9":1,"10":43,"11":43,"12":1,"13":5,"14":5,"15":5,"16":0,"17":5,"18":5,"19":4,"20":5,"21":5,"22":5,"23":5,"24":0,"25":0,"26":5,"27":5,"28":5,"29":5,"30":5,"31":5,"32":1,"33":15,"34":15,"35":33,"36":68,"37":33,"38":15,"39":7,"40":7,"41":7,"42":7,"43":14,"44":7,"45":7,"46":7,"47":7,"48":1,"49":1,"50":1,"51":1,"52":1,"53":1,"54":1,"55":1,"56":1,"57":1,"58":4,"59":10,"60":4,"61":1,"62":4,"63":1,"64":1,"65":1,"66":1,"67":1,"68":1,"69":1,"70":1,"71":1,"72":4,"73":1,"74":1,"75":1,"76":7,"77":7,"78":14,"79":0,"80":0,"81":1,"82":0,"83":1,"84":8,"85":15,"86":0,"87":0,"88":8,"89":15,"90":0,"91":0,"92":8,"93":15,"94":0,"95":0,"96":1},"f":{"0":4,"1":5,"2":43,"3":5,"4":5,"5":15,"6":33,"7":68,"8":7,"9":14,"10":1,"11":1,"12":4,"13":10,"14":1,"15":1,"16":4,"17":7,"18":14,"19":0,"20":8,"21":15,"22":0,"23":15,"24":0,"25":15,"26":0},"b":{"0":[1,42],"1":[0,5],"2":[0,5],"3":[1,3],"4":[0,14]},"_coverageSchema":"1a1c01bbd47fc00a2c39e90264f33305004495a9","hash":"333fabf2b08ca4bd2f04b64ff2b52a9e3efa3df7"}
}
