TN:
SF:src\modules\storage.js
FN:2,(anonymous_0)
FN:6,(anonymous_1)
FN:12,(anonymous_2)
FN:22,(anonymous_3)
FN:32,(anonymous_4)
FN:53,(anonymous_5)
FN:55,(anonymous_6)
FN:56,(anonymous_7)
FN:62,(anonymous_8)
FN:66,(anonymous_9)
FN:83,(anonymous_10)
FN:92,(anonymous_11)
FN:94,(anonymous_12)
FN:95,(anonymous_13)
FN:104,(anonymous_14)
FN:111,(anonymous_15)
FN:113,(anonymous_16)
FN:118,(anonymous_17)
FN:120,(anonymous_18)
FN:128,(anonymous_19)
FN:132,(anonymous_20)
FN:133,(anonymous_21)
FN:134,(anonymous_22)
FN:139,(anonymous_23)
FN:140,(anonymous_24)
FN:145,(anonymous_25)
FN:146,(anonymous_26)
FNF:27
FNH:23
FNDA:4,(anonymous_0)
FNDA:5,(anonymous_1)
FNDA:43,(anonymous_2)
FNDA:5,(anonymous_3)
FNDA:5,(anonymous_4)
FNDA:15,(anonymous_5)
FNDA:33,(anonymous_6)
FNDA:68,(anonymous_7)
FNDA:7,(anonymous_8)
FNDA:14,(anonymous_9)
FNDA:1,(anonymous_10)
FNDA:1,(anonymous_11)
FNDA:4,(anonymous_12)
FNDA:10,(anonymous_13)
FNDA:1,(anonymous_14)
FNDA:1,(anonymous_15)
FNDA:4,(anonymous_16)
FNDA:7,(anonymous_17)
FNDA:14,(anonymous_18)
FNDA:0,(anonymous_19)
FNDA:8,(anonymous_20)
FNDA:15,(anonymous_21)
FNDA:0,(anonymous_22)
FNDA:15,(anonymous_23)
FNDA:0,(anonymous_24)
FNDA:15,(anonymous_25)
FNDA:0,(anonymous_26)
DA:3,4
DA:6,1
DA:7,5
DA:8,5
DA:9,5
DA:12,1
DA:13,43
DA:14,43
DA:15,43
DA:16,1
DA:18,43
DA:19,43
DA:22,1
DA:23,5
DA:24,5
DA:25,5
DA:26,0
DA:28,5
DA:29,5
DA:32,4
DA:33,5
DA:34,5
DA:35,5
DA:41,5
DA:42,0
DA:43,0
DA:45,5
DA:46,5
DA:47,5
DA:48,5
DA:49,5
DA:50,5
DA:53,1
DA:54,15
DA:55,15
DA:56,68
DA:57,33
DA:59,15
DA:63,7
DA:64,7
DA:65,7
DA:66,7
DA:67,14
DA:77,7
DA:78,7
DA:79,7
DA:80,7
DA:83,1
DA:84,1
DA:85,1
DA:86,1
DA:87,1
DA:88,1
DA:89,1
DA:92,1
DA:93,1
DA:94,1
DA:95,10
DA:96,4
DA:97,1
DA:99,4
DA:101,1
DA:104,1
DA:105,1
DA:106,1
DA:107,1
DA:108,1
DA:111,1
DA:112,1
DA:113,4
DA:114,1
DA:115,1
DA:118,1
DA:119,7
DA:120,7
DA:121,14
DA:122,0
DA:123,0
DA:128,1
DA:129,0
DA:132,1
DA:133,8
DA:134,15
DA:135,0
DA:136,0
DA:139,8
DA:140,15
DA:141,0
DA:142,0
DA:145,8
DA:146,15
DA:147,0
DA:148,0
DA:153,1
LF:94
LH:82
BRDA:15,0,0,1
BRDA:15,0,1,42
BRDA:25,1,0,0
BRDA:25,1,1,5
BRDA:41,2,0,0
BRDA:41,2,1,5
BRDA:96,3,0,1
BRDA:96,3,1,3
BRDA:121,4,0,0
BRDA:121,4,1,14
BRF:10
BRH:7
end_of_record
